This file contains any messages produced by compilers while
running configure, to aid debugging if configure makes a mistake.

It was created by Tasks configure 0.0.2, which was
generated by GNU Autoconf 2.69.  Invocation command line was

  $ ./configure --prefix=/Users/tomoaki/task/test

## --------- ##
## Platform. ##
## --------- ##

hostname = tanaka-no-iMac.local
uname -m = x86_64
uname -r = 12.1.0
uname -s = Darwin
uname -v = Darwin Kernel Version 12.1.0: Tue Aug 14 13:29:55 PDT 2012; root:xnu-2050.9.2~1/RELEASE_X86_64

/usr/bin/uname -p = i386
/bin/uname -X     = unknown

/bin/arch              = unknown
/usr/bin/arch -k       = unknown
/usr/convex/getsysinfo = unknown
/usr/bin/hostinfo      = Mach kernel version:
	 Darwin Kernel Version 12.1.0: Tue Aug 14 13:29:55 PDT 2012; root:xnu-2050.9.2~1/RELEASE_X86_64
Kernel configured for up to 4 processors.
4 processors are physically available.
4 processors are logically available.
Processor type: i486 (Intel 80486)
Processors active: 0 1 2 3
Primary memory available: 12.00 gigabytes
Default processor set: 227 tasks, 993 threads, 4 processors
Load average: 2.07, Mach factor: 2.43
/bin/machine           = unknown
/usr/bin/oslevel       = unknown
/bin/universe          = unknown

PATH: /Users/tomoaki/Develop.localized/bin
PATH: /usr/local/bin
PATH: /usr/local/sbin
PATH: /usr/bin
PATH: /bin
PATH: /usr/sbin
PATH: /sbin
PATH: /usr/local/bin


## ----------- ##
## Core tests. ##
## ----------- ##

configure:2240: checking for a BSD-compatible install
configure:2308: result: /usr/bin/install -c
configure:2319: checking whether build environment is sane
configure:2374: result: yes
configure:2525: checking for a thread-safe mkdir -p
configure:2564: result: ./install-sh -c -d
configure:2571: checking for gawk
configure:2601: result: no
configure:2571: checking for mawk
configure:2601: result: no
configure:2571: checking for nawk
configure:2601: result: no
configure:2571: checking for awk
configure:2587: found /usr/bin/awk
configure:2598: result: awk
configure:2609: checking whether make sets $(MAKE)
configure:2631: result: yes
configure:2771: checking for gcc
configure:2787: found /usr/bin/gcc
configure:2798: result: gcc
configure:3027: checking for C compiler version
configure:3036: gcc --version >&5
i686-apple-darwin11-llvm-gcc-4.2 (GCC) 4.2.1 (Based on Apple Inc. build 5658) (LLVM build 2336.11.00)
Copyright (C) 2007 Free Software Foundation, Inc.
This is free software; see the source for copying conditions.  There is NO
warranty; not even for MERCHANTABILITY or FITNESS FOR A PARTICULAR PURPOSE.

configure:3047: $? = 0
configure:3036: gcc -v >&5
Using built-in specs.
Target: i686-apple-darwin11
Configured with: /private/var/tmp/llvmgcc42/llvmgcc42-2336.11~28/src/configure --disable-checking --enable-werror --prefix=/Applications/Xcode.app/Contents/Developer/usr/llvm-gcc-4.2 --mandir=/share/man --enable-languages=c,objc,c++,obj-c++ --program-prefix=llvm- --program-transform-name=/^[cg][^.-]*$/s/$/-4.2/ --with-slibdir=/usr/lib --build=i686-apple-darwin11 --enable-llvm=/private/var/tmp/llvmgcc42/llvmgcc42-2336.11~28/dst-llvmCore/Developer/usr/local --program-prefix=i686-apple-darwin11- --host=x86_64-apple-darwin11 --target=i686-apple-darwin11 --with-gxx-include-dir=/usr/include/c++/4.2.1
Thread model: posix
gcc version 4.2.1 (Based on Apple Inc. build 5658) (LLVM build 2336.11.00)
configure:3047: $? = 0
configure:3036: gcc -V >&5
llvm-gcc-4.2: argument to `-V' is missing
configure:3047: $? = 1
configure:3036: gcc -qversion >&5
i686-apple-darwin11-llvm-gcc-4.2: no input files
configure:3047: $? = 1
configure:3067: checking whether the C compiler works
configure:3089: gcc    conftest.c  >&5
configure:3093: $? = 0
configure:3141: result: yes
configure:3144: checking for C compiler default output file name
configure:3146: result: a.out
configure:3152: checking for suffix of executables
configure:3159: gcc -o conftest    conftest.c  >&5
configure:3163: $? = 0
configure:3185: result: 
configure:3207: checking whether we are cross compiling
configure:3215: gcc -o conftest    conftest.c  >&5
configure:3219: $? = 0
configure:3226: ./conftest
configure:3230: $? = 0
configure:3245: result: no
configure:3250: checking for suffix of object files
configure:3272: gcc -c   conftest.c >&5
configure:3276: $? = 0
configure:3297: result: o
configure:3301: checking whether we are using the GNU C compiler
configure:3320: gcc -c   conftest.c >&5
configure:3320: $? = 0
configure:3329: result: yes
configure:3338: checking whether gcc accepts -g
configure:3358: gcc -c -g  conftest.c >&5
configure:3358: $? = 0
configure:3399: result: yes
configure:3416: checking for gcc option to accept ISO C89
configure:3479: gcc  -c -g -O2  conftest.c >&5
configure:3479: $? = 0
configure:3492: result: none needed
configure:3523: checking for style of include used by make
configure:3551: result: GNU
configure:3577: checking dependency style of gcc
configure:3688: result: gcc3
configure:3707: checking for main in -lcurses
configure:3726: gcc -o conftest -g -O2   conftest.c -lcurses   >&5
configure:3726: $? = 0
configure:3735: result: yes
configure:3753: checking how to run the C preprocessor
configure:3784: gcc -E  conftest.c
configure:3784: $? = 0
configure:3798: gcc -E  conftest.c
conftest.c:12:28: error: ac_nonexistent.h: No such file or directory
configure:3798: $? = 1
configure: failed program was:
| /* confdefs.h */
| #define PACKAGE_NAME "Tasks"
| #define PACKAGE_TARNAME "tasks"
| #define PACKAGE_VERSION "0.0.2"
| #define PACKAGE_STRING "Tasks 0.0.2"
| #define PACKAGE_BUGREPORT "bug@bamboo-copter.com"
| #define PACKAGE_URL ""
| #define PACKAGE "Tasks"
| #define VERSION "0.0.2"
| #define HAVE_LIBCURSES 1
| /* end confdefs.h.  */
| #include <ac_nonexistent.h>
configure:3823: result: gcc -E
configure:3843: gcc -E  conftest.c
configure:3843: $? = 0
configure:3857: gcc -E  conftest.c
conftest.c:12:28: error: ac_nonexistent.h: No such file or directory
configure:3857: $? = 1
configure: failed program was:
| /* confdefs.h */
| #define PACKAGE_NAME "Tasks"
| #define PACKAGE_TARNAME "tasks"
| #define PACKAGE_VERSION "0.0.2"
| #define PACKAGE_STRING "Tasks 0.0.2"
| #define PACKAGE_BUGREPORT "bug@bamboo-copter.com"
| #define PACKAGE_URL ""
| #define PACKAGE "Tasks"
| #define VERSION "0.0.2"
| #define HAVE_LIBCURSES 1
| /* end confdefs.h.  */
| #include <ac_nonexistent.h>
configure:3886: checking for grep that handles long lines and -e
configure:3944: result: /usr/bin/grep
configure:3949: checking for egrep
configure:4011: result: /usr/bin/grep -E
configure:4016: checking for ANSI C header files
configure:4036: gcc -c -g -O2  conftest.c >&5
configure:4036: $? = 0
configure:4109: gcc -o conftest -g -O2   conftest.c -lcurses  >&5
configure:4109: $? = 0
configure:4109: ./conftest
configure:4109: $? = 0
configure:4120: result: yes
configure:4133: checking for sys/types.h
configure:4133: gcc -c -g -O2  conftest.c >&5
configure:4133: $? = 0
configure:4133: result: yes
configure:4133: checking for sys/stat.h
configure:4133: gcc -c -g -O2  conftest.c >&5
configure:4133: $? = 0
configure:4133: result: yes
configure:4133: checking for stdlib.h
configure:4133: gcc -c -g -O2  conftest.c >&5
configure:4133: $? = 0
configure:4133: result: yes
configure:4133: checking for string.h
configure:4133: gcc -c -g -O2  conftest.c >&5
configure:4133: $? = 0
configure:4133: result: yes
configure:4133: checking for memory.h
configure:4133: gcc -c -g -O2  conftest.c >&5
configure:4133: $? = 0
configure:4133: result: yes
configure:4133: checking for strings.h
configure:4133: gcc -c -g -O2  conftest.c >&5
configure:4133: $? = 0
configure:4133: result: yes
configure:4133: checking for inttypes.h
configure:4133: gcc -c -g -O2  conftest.c >&5
configure:4133: $? = 0
configure:4133: result: yes
configure:4133: checking for stdint.h
configure:4133: gcc -c -g -O2  conftest.c >&5
configure:4133: $? = 0
configure:4133: result: yes
configure:4133: checking for unistd.h
configure:4133: gcc -c -g -O2  conftest.c >&5
configure:4133: $? = 0
configure:4133: result: yes
configure:4148: checking for stdlib.h
configure:4148: result: yes
configure:4148: checking for string.h
configure:4148: result: yes
configure:4148: checking for unistd.h
configure:4148: result: yes
configure:4160: checking for pid_t
configure:4160: gcc -c -g -O2  conftest.c >&5
configure:4160: $? = 0
configure:4160: gcc -c -g -O2  conftest.c >&5
conftest.c: In function 'main':
conftest.c:61: error: expected expression before ')' token
configure:4160: $? = 1
configure: failed program was:
| /* confdefs.h */
| #define PACKAGE_NAME "Tasks"
| #define PACKAGE_TARNAME "tasks"
| #define PACKAGE_VERSION "0.0.2"
| #define PACKAGE_STRING "Tasks 0.0.2"
| #define PACKAGE_BUGREPORT "bug@bamboo-copter.com"
| #define PACKAGE_URL ""
| #define PACKAGE "Tasks"
| #define VERSION "0.0.2"
| #define HAVE_LIBCURSES 1
| #define STDC_HEADERS 1
| #define HAVE_SYS_TYPES_H 1
| #define HAVE_SYS_STAT_H 1
| #define HAVE_STDLIB_H 1
| #define HAVE_STRING_H 1
| #define HAVE_MEMORY_H 1
| #define HAVE_STRINGS_H 1
| #define HAVE_INTTYPES_H 1
| #define HAVE_STDINT_H 1
| #define HAVE_UNISTD_H 1
| #define HAVE_STDLIB_H 1
| #define HAVE_STRING_H 1
| #define HAVE_UNISTD_H 1
| /* end confdefs.h.  */
| #include <stdio.h>
| #ifdef HAVE_SYS_TYPES_H
| # include <sys/types.h>
| #endif
| #ifdef HAVE_SYS_STAT_H
| # include <sys/stat.h>
| #endif
| #ifdef STDC_HEADERS
| # include <stdlib.h>
| # include <stddef.h>
| #else
| # ifdef HAVE_STDLIB_H
| #  include <stdlib.h>
| # endif
| #endif
| #ifdef HAVE_STRING_H
| # if !defined STDC_HEADERS && defined HAVE_MEMORY_H
| #  include <memory.h>
| # endif
| # include <string.h>
| #endif
| #ifdef HAVE_STRINGS_H
| # include <strings.h>
| #endif
| #ifdef HAVE_INTTYPES_H
| # include <inttypes.h>
| #endif
| #ifdef HAVE_STDINT_H
| # include <stdint.h>
| #endif
| #ifdef HAVE_UNISTD_H
| # include <unistd.h>
| #endif
| int
| main ()
| {
| if (sizeof ((pid_t)))
| 	    return 0;
|   ;
|   return 0;
| }
configure:4160: result: yes
configure:4175: checking vfork.h usability
configure:4175: gcc -c -g -O2  conftest.c >&5
conftest.c:58:19: error: vfork.h: No such file or directory
configure:4175: $? = 1
configure: failed program was:
| /* confdefs.h */
| #define PACKAGE_NAME "Tasks"
| #define PACKAGE_TARNAME "tasks"
| #define PACKAGE_VERSION "0.0.2"
| #define PACKAGE_STRING "Tasks 0.0.2"
| #define PACKAGE_BUGREPORT "bug@bamboo-copter.com"
| #define PACKAGE_URL ""
| #define PACKAGE "Tasks"
| #define VERSION "0.0.2"
| #define HAVE_LIBCURSES 1
| #define STDC_HEADERS 1
| #define HAVE_SYS_TYPES_H 1
| #define HAVE_SYS_STAT_H 1
| #define HAVE_STDLIB_H 1
| #define HAVE_STRING_H 1
| #define HAVE_MEMORY_H 1
| #define HAVE_STRINGS_H 1
| #define HAVE_INTTYPES_H 1
| #define HAVE_STDINT_H 1
| #define HAVE_UNISTD_H 1
| #define HAVE_STDLIB_H 1
| #define HAVE_STRING_H 1
| #define HAVE_UNISTD_H 1
| /* end confdefs.h.  */
| #include <stdio.h>
| #ifdef HAVE_SYS_TYPES_H
| # include <sys/types.h>
| #endif
| #ifdef HAVE_SYS_STAT_H
| # include <sys/stat.h>
| #endif
| #ifdef STDC_HEADERS
| # include <stdlib.h>
| # include <stddef.h>
| #else
| # ifdef HAVE_STDLIB_H
| #  include <stdlib.h>
| # endif
| #endif
| #ifdef HAVE_STRING_H
| # if !defined STDC_HEADERS && defined HAVE_MEMORY_H
| #  include <memory.h>
| # endif
| # include <string.h>
| #endif
| #ifdef HAVE_STRINGS_H
| # include <strings.h>
| #endif
| #ifdef HAVE_INTTYPES_H
| # include <inttypes.h>
| #endif
| #ifdef HAVE_STDINT_H
| # include <stdint.h>
| #endif
| #ifdef HAVE_UNISTD_H
| # include <unistd.h>
| #endif
| #include <vfork.h>
configure:4175: result: no
configure:4175: checking vfork.h presence
configure:4175: gcc -E  conftest.c
conftest.c:25:19: error: vfork.h: No such file or directory
configure:4175: $? = 1
configure: failed program was:
| /* confdefs.h */
| #define PACKAGE_NAME "Tasks"
| #define PACKAGE_TARNAME "tasks"
| #define PACKAGE_VERSION "0.0.2"
| #define PACKAGE_STRING "Tasks 0.0.2"
| #define PACKAGE_BUGREPORT "bug@bamboo-copter.com"
| #define PACKAGE_URL ""
| #define PACKAGE "Tasks"
| #define VERSION "0.0.2"
| #define HAVE_LIBCURSES 1
| #define STDC_HEADERS 1
| #define HAVE_SYS_TYPES_H 1
| #define HAVE_SYS_STAT_H 1
| #define HAVE_STDLIB_H 1
| #define HAVE_STRING_H 1
| #define HAVE_MEMORY_H 1
| #define HAVE_STRINGS_H 1
| #define HAVE_INTTYPES_H 1
| #define HAVE_STDINT_H 1
| #define HAVE_UNISTD_H 1
| #define HAVE_STDLIB_H 1
| #define HAVE_STRING_H 1
| #define HAVE_UNISTD_H 1
| /* end confdefs.h.  */
| #include <vfork.h>
configure:4175: result: no
configure:4175: checking for vfork.h
configure:4175: result: no
configure:4188: checking for fork
configure:4188: gcc -o conftest -g -O2   conftest.c -lcurses  >&5
conftest.c:48: warning: conflicting types for built-in function 'fork'
configure:4188: $? = 0
configure:4188: result: yes
configure:4188: checking for vfork
configure:4188: gcc -o conftest -g -O2   conftest.c -lcurses  >&5
configure:4188: $? = 0
configure:4188: result: yes
configure:4198: checking for working fork
configure:4220: gcc -o conftest -g -O2   conftest.c -lcurses  >&5
configure:4220: $? = 0
configure:4220: ./conftest
configure:4220: $? = 0
configure:4230: result: yes
configure:4251: checking for working vfork
configure:4361: result: yes
configure:4386: checking whether time.h and sys/time.h may both be included
configure:4406: gcc -c -g -O2  conftest.c >&5
configure:4406: $? = 0
configure:4413: result: yes
configure:4427: checking for sys/time.h
configure:4427: gcc -c -g -O2  conftest.c >&5
configure:4427: $? = 0
configure:4427: result: yes
configure:4427: checking for unistd.h
configure:4427: result: yes
configure:4448: checking for alarm
configure:4448: gcc -o conftest -g -O2   conftest.c -lcurses  >&5
configure:4448: $? = 0
configure:4448: result: yes
configure:4461: checking for working mktime
configure:4663: gcc -o conftest -g -O2   conftest.c -lcurses  >&5
configure:4663: $? = 0
configure:4663: ./conftest
configure:4663: $? = 1
configure: program exited with status 1
configure: failed program was:
| /* confdefs.h */
| #define PACKAGE_NAME "Tasks"
| #define PACKAGE_TARNAME "tasks"
| #define PACKAGE_VERSION "0.0.2"
| #define PACKAGE_STRING "Tasks 0.0.2"
| #define PACKAGE_BUGREPORT "bug@bamboo-copter.com"
| #define PACKAGE_URL ""
| #define PACKAGE "Tasks"
| #define VERSION "0.0.2"
| #define HAVE_LIBCURSES 1
| #define STDC_HEADERS 1
| #define HAVE_SYS_TYPES_H 1
| #define HAVE_SYS_STAT_H 1
| #define HAVE_STDLIB_H 1
| #define HAVE_STRING_H 1
| #define HAVE_MEMORY_H 1
| #define HAVE_STRINGS_H 1
| #define HAVE_INTTYPES_H 1
| #define HAVE_STDINT_H 1
| #define HAVE_UNISTD_H 1
| #define HAVE_STDLIB_H 1
| #define HAVE_STRING_H 1
| #define HAVE_UNISTD_H 1
| #define HAVE_FORK 1
| #define HAVE_VFORK 1
| #define HAVE_WORKING_VFORK 1
| #define HAVE_WORKING_FORK 1
| #define TIME_WITH_SYS_TIME 1
| #define HAVE_SYS_TIME_H 1
| #define HAVE_UNISTD_H 1
| #define HAVE_ALARM 1
| /* end confdefs.h.  */
| /* Test program from Paul Eggert and Tony Leneis.  */
| #ifdef TIME_WITH_SYS_TIME
| # include <sys/time.h>
| # include <time.h>
| #else
| # ifdef HAVE_SYS_TIME_H
| #  include <sys/time.h>
| # else
| #  include <time.h>
| # endif
| #endif
| 
| #include <limits.h>
| #include <stdlib.h>
| 
| #ifdef HAVE_UNISTD_H
| # include <unistd.h>
| #endif
| 
| #ifndef HAVE_ALARM
| # define alarm(X) /* empty */
| #endif
| 
| /* Work around redefinition to rpl_putenv by other config tests.  */
| #undef putenv
| 
| static time_t time_t_max;
| static time_t time_t_min;
| 
| /* Values we'll use to set the TZ environment variable.  */
| static const char *tz_strings[] = {
|   (const char *) 0, "TZ=GMT0", "TZ=JST-9",
|   "TZ=EST+3EDT+2,M10.1.0/00:00:00,M2.3.0/00:00:00"
| };
| #define N_STRINGS (sizeof (tz_strings) / sizeof (tz_strings[0]))
| 
| /* Return 0 if mktime fails to convert a date in the spring-forward gap.
|    Based on a problem report from Andreas Jaeger.  */
| static int
| spring_forward_gap ()
| {
|   /* glibc (up to about 1998-10-07) failed this test. */
|   struct tm tm;
| 
|   /* Use the portable POSIX.1 specification "TZ=PST8PDT,M4.1.0,M10.5.0"
|      instead of "TZ=America/Vancouver" in order to detect the bug even
|      on systems that don't support the Olson extension, or don't have the
|      full zoneinfo tables installed.  */
|   putenv ((char*) "TZ=PST8PDT,M4.1.0,M10.5.0");
| 
|   tm.tm_year = 98;
|   tm.tm_mon = 3;
|   tm.tm_mday = 5;
|   tm.tm_hour = 2;
|   tm.tm_min = 0;
|   tm.tm_sec = 0;
|   tm.tm_isdst = -1;
|   return mktime (&tm) != (time_t) -1;
| }
| 
| static int
| mktime_test1 (time_t now)
| {
|   struct tm *lt;
|   return ! (lt = localtime (&now)) || mktime (lt) == now;
| }
| 
| static int
| mktime_test (time_t now)
| {
|   return (mktime_test1 (now)
| 	  && mktime_test1 ((time_t) (time_t_max - now))
| 	  && mktime_test1 ((time_t) (time_t_min + now)));
| }
| 
| static int
| irix_6_4_bug ()
| {
|   /* Based on code from Ariel Faigon.  */
|   struct tm tm;
|   tm.tm_year = 96;
|   tm.tm_mon = 3;
|   tm.tm_mday = 0;
|   tm.tm_hour = 0;
|   tm.tm_min = 0;
|   tm.tm_sec = 0;
|   tm.tm_isdst = -1;
|   mktime (&tm);
|   return tm.tm_mon == 2 && tm.tm_mday == 31;
| }
| 
| static int
| bigtime_test (int j)
| {
|   struct tm tm;
|   time_t now;
|   tm.tm_year = tm.tm_mon = tm.tm_mday = tm.tm_hour = tm.tm_min = tm.tm_sec = j;
|   now = mktime (&tm);
|   if (now != (time_t) -1)
|     {
|       struct tm *lt = localtime (&now);
|       if (! (lt
| 	     && lt->tm_year == tm.tm_year
| 	     && lt->tm_mon == tm.tm_mon
| 	     && lt->tm_mday == tm.tm_mday
| 	     && lt->tm_hour == tm.tm_hour
| 	     && lt->tm_min == tm.tm_min
| 	     && lt->tm_sec == tm.tm_sec
| 	     && lt->tm_yday == tm.tm_yday
| 	     && lt->tm_wday == tm.tm_wday
| 	     && ((lt->tm_isdst < 0 ? -1 : 0 < lt->tm_isdst)
| 		  == (tm.tm_isdst < 0 ? -1 : 0 < tm.tm_isdst))))
| 	return 0;
|     }
|   return 1;
| }
| 
| static int
| year_2050_test ()
| {
|   /* The correct answer for 2050-02-01 00:00:00 in Pacific time,
|      ignoring leap seconds.  */
|   unsigned long int answer = 2527315200UL;
| 
|   struct tm tm;
|   time_t t;
|   tm.tm_year = 2050 - 1900;
|   tm.tm_mon = 2 - 1;
|   tm.tm_mday = 1;
|   tm.tm_hour = tm.tm_min = tm.tm_sec = 0;
|   tm.tm_isdst = -1;
| 
|   /* Use the portable POSIX.1 specification "TZ=PST8PDT,M4.1.0,M10.5.0"
|      instead of "TZ=America/Vancouver" in order to detect the bug even
|      on systems that don't support the Olson extension, or don't have the
|      full zoneinfo tables installed.  */
|   putenv ((char*) "TZ=PST8PDT,M4.1.0,M10.5.0");
| 
|   t = mktime (&tm);
| 
|   /* Check that the result is either a failure, or close enough
|      to the correct answer that we can assume the discrepancy is
|      due to leap seconds.  */
|   return (t == (time_t) -1
| 	  || (0 < t && answer - 120 <= t && t <= answer + 120));
| }
| 
| int
| main ()
| {
|   time_t t, delta;
|   int i, j;
| 
|   /* This test makes some buggy mktime implementations loop.
|      Give up after 60 seconds; a mktime slower than that
|      isn't worth using anyway.  */
|   alarm (60);
| 
|   for (;;)
|     {
|       t = (time_t_max << 1) + 1;
|       if (t <= time_t_max)
| 	break;
|       time_t_max = t;
|     }
|   time_t_min = - ((time_t) ~ (time_t) 0 == (time_t) -1) - time_t_max;
| 
|   delta = time_t_max / 997; /* a suitable prime number */
|   for (i = 0; i < N_STRINGS; i++)
|     {
|       if (tz_strings[i])
| 	putenv ((char*) tz_strings[i]);
| 
|       for (t = 0; t <= time_t_max - delta; t += delta)
| 	if (! mktime_test (t))
| 	  return 1;
|       if (! (mktime_test ((time_t) 1)
| 	     && mktime_test ((time_t) (60 * 60))
| 	     && mktime_test ((time_t) (60 * 60 * 24))))
| 	return 1;
| 
|       for (j = 1; ; j <<= 1)
| 	if (! bigtime_test (j))
| 	  return 1;
| 	else if (INT_MAX / 2 < j)
| 	  break;
|       if (! bigtime_test (INT_MAX))
| 	return 1;
|     }
|   return ! (irix_6_4_bug () && spring_forward_gap () && year_2050_test ());
| }
configure:4673: result: no
configure:4687: checking for alarm
configure:4687: result: yes
configure:4687: checking for memset
configure:4687: gcc -o conftest -g -O2   conftest.c -lcurses  >&5
conftest.c:57: warning: conflicting types for built-in function 'memset'
configure:4687: $? = 0
configure:4687: result: yes
configure:4687: checking for pow
configure:4687: gcc -o conftest -g -O2   conftest.c -lcurses  >&5
conftest.c:58: warning: conflicting types for built-in function 'pow'
configure:4687: $? = 0
configure:4687: result: yes
configure:4808: checking that generated files are newer than configure
configure:4814: result: done
configure:4837: creating ./config.status

## ---------------------- ##
## Running config.status. ##
## ---------------------- ##

This file was extended by Tasks config.status 0.0.2, which was
generated by GNU Autoconf 2.69.  Invocation command line was

  CONFIG_FILES    = 
  CONFIG_HEADERS  = 
  CONFIG_LINKS    = 
  CONFIG_COMMANDS = 
  $ ./config.status 

on tanaka-no-iMac.local

config.status:864: creating Makefile
config.status:864: creating src/Makefile
config.status:864: creating config.h
config.status:1093: executing depfiles commands

## ---------------- ##
## Cache variables. ##
## ---------------- ##

ac_cv_c_compiler_gnu=yes
ac_cv_env_CC_set=
ac_cv_env_CC_value=
ac_cv_env_CFLAGS_set=
ac_cv_env_CFLAGS_value=
ac_cv_env_CPPFLAGS_set=
ac_cv_env_CPPFLAGS_value=
ac_cv_env_CPP_set=
ac_cv_env_CPP_value=
ac_cv_env_LDFLAGS_set=
ac_cv_env_LDFLAGS_value=
ac_cv_env_LIBS_set=
ac_cv_env_LIBS_value=
ac_cv_env_build_alias_set=
ac_cv_env_build_alias_value=
ac_cv_env_host_alias_set=
ac_cv_env_host_alias_value=
ac_cv_env_target_alias_set=
ac_cv_env_target_alias_value=
ac_cv_func_alarm=yes
ac_cv_func_fork=yes
ac_cv_func_fork_works=yes
ac_cv_func_memset=yes
ac_cv_func_pow=yes
ac_cv_func_vfork=yes
ac_cv_func_vfork_works=yes
ac_cv_func_working_mktime=no
ac_cv_header_inttypes_h=yes
ac_cv_header_memory_h=yes
ac_cv_header_stdc=yes
ac_cv_header_stdint_h=yes
ac_cv_header_stdlib_h=yes
ac_cv_header_string_h=yes
ac_cv_header_strings_h=yes
ac_cv_header_sys_stat_h=yes
ac_cv_header_sys_time_h=yes
ac_cv_header_sys_types_h=yes
ac_cv_header_time=yes
ac_cv_header_unistd_h=yes
ac_cv_header_vfork_h=no
ac_cv_lib_curses_main=yes
ac_cv_objext=o
ac_cv_path_EGREP='/usr/bin/grep -E'
ac_cv_path_GREP=/usr/bin/grep
ac_cv_path_install='/usr/bin/install -c'
ac_cv_prog_AWK=awk
ac_cv_prog_CPP='gcc -E'
ac_cv_prog_ac_ct_CC=gcc
ac_cv_prog_cc_c89=
ac_cv_prog_cc_g=yes
ac_cv_prog_make_make_set=yes
ac_cv_type_pid_t=yes
am_cv_CC_dependencies_compiler_type=gcc3

## ----------------- ##
## Output variables. ##
## ----------------- ##

ACLOCAL='${SHELL} /Users/tomoaki/task/missing --run aclocal-1.12'
AMDEPBACKSLASH='\'
AMDEP_FALSE='#'
AMDEP_TRUE=''
AMTAR='$${TAR-tar}'
AUTOCONF='${SHELL} /Users/tomoaki/task/missing --run autoconf'
AUTOHEADER='${SHELL} /Users/tomoaki/task/missing --run autoheader'
AUTOMAKE='${SHELL} /Users/tomoaki/task/missing --run automake-1.12'
AWK='awk'
CC='gcc'
CCDEPMODE='depmode=gcc3'
CFLAGS='-g -O2'
CPP='gcc -E'
CPPFLAGS=''
CYGPATH_W='echo'
DEFS='-DHAVE_CONFIG_H'
DEPDIR='.deps'
ECHO_C='\c'
ECHO_N=''
ECHO_T=''
EGREP='/usr/bin/grep -E'
EXEEXT=''
GREP='/usr/bin/grep'
INSTALL_DATA='${INSTALL} -m 644'
INSTALL_PROGRAM='${INSTALL}'
INSTALL_SCRIPT='${INSTALL}'
INSTALL_STRIP_PROGRAM='$(install_sh) -c -s'
LDFLAGS=''
LIBOBJS=' ${LIBOBJDIR}mktime$U.o'
LIBS='-lcurses '
LTLIBOBJS=' ${LIBOBJDIR}mktime$U.lo'
MAKEINFO='${SHELL} /Users/tomoaki/task/missing --run makeinfo'
MKDIR_P='./install-sh -c -d'
OBJEXT='o'
PACKAGE='Tasks'
PACKAGE_BUGREPORT='bug@bamboo-copter.com'
PACKAGE_NAME='Tasks'
PACKAGE_STRING='Tasks 0.0.2'
PACKAGE_TARNAME='tasks'
PACKAGE_URL=''
PACKAGE_VERSION='0.0.2'
PATH_SEPARATOR=':'
SET_MAKE=''
SHELL='/bin/sh'
STRIP=''
VERSION='0.0.2'
ac_ct_CC='gcc'
am__EXEEXT_FALSE=''
am__EXEEXT_TRUE='#'
am__fastdepCC_FALSE='#'
am__fastdepCC_TRUE=''
am__include='include'
am__isrc=''
am__leading_dot='.'
am__nodep='_no'
am__quote=''
am__tar='$${TAR-tar} chof - "$$tardir"'
am__untar='$${TAR-tar} xf -'
bindir='${exec_prefix}/bin'
build_alias=''
datadir='${datarootdir}'
datarootdir='${prefix}/share'
docdir='${datarootdir}/doc/${PACKAGE_TARNAME}'
dvidir='${docdir}'
exec_prefix='${prefix}'
host_alias=''
htmldir='${docdir}'
includedir='${prefix}/include'
infodir='${datarootdir}/info'
install_sh='${SHELL} /Users/tomoaki/task/install-sh'
libdir='${exec_prefix}/lib'
libexecdir='${exec_prefix}/libexec'
localedir='${datarootdir}/locale'
localstatedir='${prefix}/var'
mandir='${datarootdir}/man'
mkdir_p='$(MKDIR_P)'
oldincludedir='/usr/include'
pdfdir='${docdir}'
prefix='/Users/tomoaki/task/test'
program_transform_name='s,x,x,'
psdir='${docdir}'
sbindir='${exec_prefix}/sbin'
sharedstatedir='${prefix}/com'
sysconfdir='${prefix}/etc'
target_alias=''

## ----------- ##
## confdefs.h. ##
## ----------- ##

/* confdefs.h */
#define PACKAGE_NAME "Tasks"
#define PACKAGE_TARNAME "tasks"
#define PACKAGE_VERSION "0.0.2"
#define PACKAGE_STRING "Tasks 0.0.2"
#define PACKAGE_BUGREPORT "bug@bamboo-copter.com"
#define PACKAGE_URL ""
#define PACKAGE "Tasks"
#define VERSION "0.0.2"
#define HAVE_LIBCURSES 1
#define STDC_HEADERS 1
#define HAVE_SYS_TYPES_H 1
#define HAVE_SYS_STAT_H 1
#define HAVE_STDLIB_H 1
#define HAVE_STRING_H 1
#define HAVE_MEMORY_H 1
#define HAVE_STRINGS_H 1
#define HAVE_INTTYPES_H 1
#define HAVE_STDINT_H 1
#define HAVE_UNISTD_H 1
#define HAVE_STDLIB_H 1
#define HAVE_STRING_H 1
#define HAVE_UNISTD_H 1
#define HAVE_FORK 1
#define HAVE_VFORK 1
#define HAVE_WORKING_VFORK 1
#define HAVE_WORKING_FORK 1
#define TIME_WITH_SYS_TIME 1
#define HAVE_SYS_TIME_H 1
#define HAVE_UNISTD_H 1
#define HAVE_ALARM 1
#define HAVE_ALARM 1
#define HAVE_MEMSET 1
#define HAVE_POW 1

configure: exit 0
